android/app/build/outputs/logs/manifest-merger-release-report.txt
-- Merging decision tree log ---
manifest
ADDED from src\main\AndroidManifest.xml:1:1-62:12
INJECTED from src\main\AndroidManifest.xml:1:1-62:12
INJECTED from src\main\AndroidManifest.xml:1:1-62:12
INJECTED from src\main\AndroidManifest.xml:1:1-62:12
MERGED from [:android_intent_plus] AndroidManifest.xml:2:1-7:12
MERGED from [:just_audio] AndroidManifest.xml:2:1-7:12
MERGED from [:audio_session] AndroidManifest.xml:2:1-7:12
MERGED from [:blue_thermal_printer] AndroidManifest.xml:2:1-33:12
MERGED from [:charset_converter] AndroidManifest.xml:2:1-7:12
MERGED from [:flutter_background_service_android] AndroidManifest.xml:2:1-34:12
MERGED from [:flutter_local_notifications] AndroidManifest.xml:2:1-29:12
MERGED from [:network_info_plus] AndroidManifest.xml:2:1-10:12
MERGED from [:path_provider_android] AndroidManifest.xml:2:1-7:12
MERGED from [:sqflite_android] AndroidManifest.xml:2:1-7:12
MERGED from [:stripe_android] AndroidManifest.xml:2:1-7:12
MERGED from [:workmanager] AndroidManifest.xml:2:1-7:12
MERGED from [com.stripe:stripe-android:20.52.1] AndroidManifest.xml:2:1-7:12
MERGED from [com.stripe:financial-connections:20.52.1] AndroidManifest.xml:2:1-77:12
MERGED from [androidx.work:work-runtime:2.8.1] AndroidManifest.xml:17:1-145:12
MERGED from [com.google.android.exoplayer:exoplayer-dash:2.18.7] AndroidManifest.xml:17:1-24:12
MERGED from [com.google.android.exoplayer:exoplayer-hls:2.18.7] AndroidManifest.xml:17:1-24:12
MERGED from [com.google.android.exoplayer:exoplayer-smoothstreaming:2.18.7] AndroidManifest.xml:17:1-24:12
MERGED from [com.google.android.exoplayer:exoplayer-core:2.18.7] AndroidManifest.xml:17:1-26:12
MERGED from [androidx.media2:media2-session:1.2.1] AndroidManifest.xml:17:1-36:12
MERGED from [androidx.legacy:legacy-support-v4:1.0.0] AndroidManifest.xml:17:1-22:12
MERGED from [androidx.window:window:1.2.0] AndroidManifest.xml:17:1-31:12
MERGED from [androidx.window:window-java:1.2.0] AndroidManifest.xml:17:1-21:12
MERGED from [androidx.media2:media2-common:1.2.1] AndroidManifest.xml:17:1-24:12
MERGED from [com.stripe:paymentsheet:20.52.1] AndroidManifest.xml:2:1-45:12
MERGED from [com.stripe:link:20.52.1] AndroidManifest.xml:2:1-40:12
MERGED from [com.stripe:payments-ui-core:20.52.1] AndroidManifest.xml:2:1-14:12
MERGED from [com.stripe:payments-core:20.52.1] AndroidManifest.xml:2:1-85:12
MERGED from [com.stripe:payments-model:20.52.1] AndroidManifest.xml:2:1-7:12
MERGED from [com.stripe:stripe-3ds2-android:6.1.8] AndroidManifest.xml:2:1-14:12
MERGED from [com.google.accompanist:accompanist-themeadapter-appcompat:0.32.0] AndroidManifest.xml:17:1-23:12
MERGED from [com.google.accompanist:accompanist-themeadapter-material:0.32.0] AndroidManifest.xml:17:1-23:12
MERGED from [com.google.accompanist:accompanist-themeadapter-material3:0.32.0] AndroidManifest.xml:17:1-23:12
MERGED from [com.google.accompanist:accompanist-themeadapter-core:0.32.0] AndroidManifest.xml:17:1-23:12
MERGED from [com.google.android.material:material:1.11.0] AndroidManifest.xml:17:1-24:12
MERGED from [androidx.constraintlayout:constraintlayout:2.1.4] AndroidManifest.xml:2:1-11:12
MERGED from [com.stripe:hcaptcha:20.52.1] AndroidManifest.xml:2:1-7:12
MERGED from [androidx.appcompat:appcompat-resources:1.6.1] AndroidManifest.xml:17:1-22:12
MERGED from [androidx.appcompat:appcompat:1.6.1] AndroidManifest.xml:17:1-22:12
MERGED from [com.stripe:stripe-ui-core:20.52.1] AndroidManifest.xml:2:1-7:12
MERGED from [com.stripe:stripe-core:20.52.1] AndroidManifest.xml:2:1-9:12
MERGED from [androidx.browser:browser:1.7.0] AndroidManifest.xml:2:1-7:12
MERGED from [androidx.legacy:legacy-support-core-ui:1.0.0] AndroidManifest.xml:17:1-22:12
MERGED from [androidx.dynamicanimation:dynamicanimation:1.0.0] AndroidManifest.xml:17:1-22:12
MERGED from [androidx.legacy:legacy-support-core-utils:1.0.0] AndroidManifest.xml:17:1-22:12
MERGED from [com.github.bumptech.glide:glide:4.12.0] AndroidManifest.xml:2:1-12:12
MERGED from [com.google.pay.button:compose-pay-button:0.1.3] AndroidManifest.xml:2:1-7:12
MERGED from [com.google.android.gms:play-services-wallet:19.3.0] AndroidManifest.xml:17:1-22:12
MERGED from [androidx.activity:activity:1.8.2] AndroidManifest.xml:17:1-22:12
MERGED from [androidx.navigation:navigation-common:2.7.6] AndroidManifest.xml:17:1-22:12
MERGED from [androidx.navigation:navigation-common-ktx:2.7.6] AndroidManifest.xml:2:1-7:12
MERGED from [androidx.navigation:navigation-compose:2.7.6] AndroidManifest.xml:2:1-7:12
MERGED from [androidx.navigation:navigation-runtime-ktx:2.7.6] AndroidManifest.xml:2:1-7:12
MERGED from [androidx.navigation:navigation-runtime:2.7.6] AndroidManifest.xml:17:1-22:12
MERGED from [androidx.activity:activity-ktx:1.8.2] AndroidManifest.xml:2:1-7:12
MERGED from [androidx.activity:activity-compose:1.8.2] AndroidManifest.xml:2:1-7:12
MERGED from [com.google.accompanist:accompanist-systemuicontroller:0.32.0] AndroidManifest.xml:17:1-23:12
MERGED from [androidx.compose.material3:material3:1.0.1] AndroidManifest.xml:17:1-22:12
MERGED from [androidx.compose.material:material-ripple-android:1.5.4] AndroidManifest.xml:2:1-7:12
MERGED from [androidx.compose.material:material-icons-core-android:1.5.4] AndroidManifest.xml:2:1-7:12
MERGED from [androidx.compose.material:material-android:1.5.4] AndroidManifest.xml:2:1-7:12
MERGED from [com.google.accompanist:accompanist-flowlayout:0.32.0] AndroidManifest.xml:17:1-23:12
MERGED from [androidx.compose.animation:animation-core-android:1.5.4] AndroidManifest.xml:2:1-7:12
MERGED from [androidx.compose.animation:animation-android:1.5.4] AndroidManifest.xml:2:1-7:12
MERGED from [androidx.compose.foundation:foundation-layout-android:1.5.4] AndroidManifest.xml:2:1-7:12
MERGED from [androidx.compose.foundation:foundation-android:1.5.4] AndroidManifest.xml:2:1-7:12
MERGED from [androidx.lifecycle:lifecycle-livedata-ktx:2.7.0] AndroidManifest.xml:2:1-7:12
MERGED from [androidx.lifecycle:lifecycle-livedata-core-ktx:2.7.0] AndroidManifest.xml:2:1-7:12
MERGED from [androidx.lifecycle:lifecycle-livedata-core:2.7.0] AndroidManifest.xml:17:1-22:12
MERGED from [androidx.lifecycle:lifecycle-viewmodel:2.7.0] AndroidManifest.xml:17:1-22:12
MERGED from [androidx.lifecycle:lifecycle-service:2.7.0] AndroidManifest.xml:2:1-7:12
MERGED from [androidx.compose.ui:ui-unit-android:1.5.4] AndroidManifest.xml:2:1-7:12
MERGED from [androidx.compose.ui:ui-graphics-android:1.5.4] AndroidManifest.xml:2:1-7:12
MERGED from [androidx.compose.ui:ui-geometry-android:1.5.4] AndroidManifest.xml:2:1-7:12
MERGED from [androidx.compose.ui:ui-text-android:1.5.4] AndroidManifest.xml:2:1-7:12
MERGED from [androidx.compose.ui:ui-util-android:1.5.4] AndroidManifest.xml:2:1-7:12
MERGED from [androidx.compose.ui:ui-tooling-preview-android:1.5.4] AndroidManifest.xml:17:1-22:12
MERGED from [androidx.compose.runtime:runtime-saveable-android:1.5.4] AndroidManifest.xml:2:1-7:12
MERGED from [androidx.compose.runtime:runtime-android:1.5.4] AndroidManifest.xml:2:1-7:12
MERGED from [androidx.compose.runtime:runtime-livedata:1.5.4] AndroidManifest.xml:2:1-7:12
MERGED from [androidx.lifecycle:lifecycle-livedata:2.7.0] AndroidManifest.xml:17:1-22:12
MERGED from [androidx.lifecycle:lifecycle-viewmodel-savedstate:2.7.0] AndroidManifest.xml:17:1-22:12
MERGED from [androidx.lifecycle:lifecycle-runtime-ktx:2.7.0] AndroidManifest.xml:17:1-22:12
MERGED from [androidx.lifecycle:lifecycle-runtime:2.7.0] AndroidManifest.xml:2:1-7:12
MERGED from [androidx.emoji2:emoji2-views-helper:1.4.0] AndroidManifest.xml:2:1-7:12
MERGED from [androidx.emoji2:emoji2:1.4.0] AndroidManifest.xml:17:1-35:12
MERGED from [androidx.lifecycle:lifecycle-process:2.7.0] AndroidManifest.xml:17:1-35:12
MERGED from [androidx.savedstate:savedstate-ktx:1.2.1] AndroidManifest.xml:17:1-22:12
MERGED from [androidx.savedstate:savedstate:1.2.1] AndroidManifest.xml:17:1-22:12
MERGED from [androidx.lifecycle:lifecycle-viewmodel-ktx:2.7.0] AndroidManifest.xml:2:1-7:12
MERGED from [androidx.lifecycle:lifecycle-viewmodel-compose:2.7.0] AndroidManifest.xml:2:1-7:12
MERGED from [androidx.compose.ui:ui-android:1.5.4] AndroidManifest.xml:2:1-7:12
MERGED from [androidx.compose.ui:ui-viewbinding:1.5.4] AndroidManifest.xml:2:1-7:12
MERGED from [androidx.fragment:fragment-ktx:1.7.1] AndroidManifest.xml:2:1-7:12
MERGED from [androidx.recyclerview:recyclerview:1.3.2] AndroidManifest.xml:17:1-22:12
MERGED from [androidx.viewpager2:viewpager2:1.1.0-beta02] AndroidManifest.xml:2:1-7:12
MERGED from [com.google.android.gms:play-services-identity:18.0.1] AndroidManifest.xml:17:1-24:12
MERGED from [com.google.android.gms:play-services-maps:18.0.2] AndroidManifest.xml:17:1-44:12
MERGED from [com.google.android.gms:play-services-base:18.3.0] AndroidManifest.xml:16:1-24:12
MERGED from [com.google.android.gms:play-services-tasks:18.1.0] AndroidManifest.xml:2:1-6:12
MERGED from [com.google.android.gms:play-services-basement:18.3.0] AndroidManifest.xml:16:1-26:12
MERGED from [androidx.fragment:fragment:1.7.1] AndroidManifest.xml:2:1-7:12
MERGED from [androidx.loader:loader:1.0.0] AndroidManifest.xml:17:1-22:12
MERGED from [androidx.viewpager:viewpager:1.0.0] AndroidManifest.xml:17:1-22:12
MERGED from [androidx.customview:customview-poolingcontainer:1.0.0] AndroidManifest.xml:17:1-23:12
MERGED from [androidx.core:core-ktx:1.13.1] AndroidManifest.xml:2:1-7:12
MERGED from [androidx.media:media:1.4.1] AndroidManifest.xml:17:1-30:12
MERGED from [androidx.slidingpanelayout:slidingpanelayout:1.0.0] AndroidManifest.xml:17:1-22:12
MERGED from [androidx.swiperefreshlayout:swiperefreshlayout:1.0.0] AndroidManifest.xml:17:1-22:12
MERGED from [androidx.asynclayoutinflater:asynclayoutinflater:1.0.0] AndroidManifest.xml:17:1-22:12
MERGED from [androidx.coordinatorlayout:coordinatorlayout:1.1.0] AndroidManifest.xml:17:1-24:12
MERGED from [androidx.drawerlayout:drawerlayout:1.1.1] AndroidManifest.xml:17:1-24:12
MERGED from [androidx.vectordrawable:vectordrawable-animated:1.1.0] AndroidManifest.xml:17:1-24:12
MERGED from [androidx.vectordrawable:vectordrawable:1.1.0] AndroidManifest.xml:17:1-24:12
MERGED from [androidx.transition:transition:1.2.0] AndroidManifest.xml:17:1-24:12
MERGED from [androidx.autofill:autofill:1.0.0] AndroidManifest.xml:17:1-24:12
MERGED from [androidx.customview:customview:1.1.0] AndroidManifest.xml:17:1-24:12
MERGED from [androidx.core:core:1.13.1] AndroidManifest.xml:17:1-30:12
MERGED from [androidx.profileinstaller:profileinstaller:1.3.1] AndroidManifest.xml:17:1-55:12
MERGED from [androidx.startup:startup-runtime:1.1.1] AndroidManifest.xml:17:1-33:12
MERGED from [androidx.tracing:tracing:1.2.0] AndroidManifest.xml:17:1-22:12
MERGED from [androidx.versionedparcelable:versionedparcelable:1.1.1] AndroidManifest.xml:17:1-27:12
MERGED from [com.google.android.exoplayer:exoplayer-datasource:2.18.7] AndroidManifest.xml:17:1-24:12
MERGED from [com.google.android.exoplayer:exoplayer-extractor:2.18.7] AndroidManifest.xml:17:1-24:12
MERGED from [com.google.android.exoplayer:exoplayer-decoder:2.18.7] AndroidManifest.xml:17:1-24:12
MERGED from [com.google.android.exoplayer:exoplayer-database:2.18.7] AndroidManifest.xml:17:1-24:12
MERGED from [com.google.android.exoplayer:exoplayer-common:2.18.7] AndroidManifest.xml:17:1-26:12
MERGED from [com.github.bumptech.glide:gifdecoder:4.12.0] AndroidManifest.xml:2:1-11:12
MERGED from [androidx.exifinterface:exifinterface:1.2.0] AndroidManifest.xml:17:1-24:12
MERGED from [androidx.room:room-runtime:2.5.0] AndroidManifest.xml:17:1-31:12
MERGED from [androidx.sqlite:sqlite-framework:2.3.0] AndroidManifest.xml:17:1-22:12
MERGED from [androidx.interpolator:interpolator:1.0.0] AndroidManifest.xml:17:1-22:12
MERGED from [androidx.arch.core:core-runtime:2.2.0] AndroidManifest.xml:17:1-22:12
MERGED from [androidx.databinding:viewbinding:8.5.2] AndroidManifest.xml:2:1-7:12
MERGED from [androidx.cursoradapter:cursoradapter:1.0.0] AndroidManifest.xml:17:1-22:12
MERGED from [androidx.documentfile:documentfile:1.0.0] AndroidManifest.xml:17:1-22:12
MERGED from [androidx.localbroadcastmanager:localbroadcastmanager:1.0.0] AndroidManifest.xml:17:1-22:12
MERGED from [androidx.print:print:1.0.0] AndroidManifest.xml:17:1-22:12
MERGED from [androidx.sqlite:sqlite:2.3.0] AndroidManifest.xml:17:1-22:12
MERGED from [androidx.window.extensions.core:core:1.0.0] AndroidManifest.xml:2:1-7:12
MERGED from [androidx.cardview:cardview:1.0.0] AndroidManifest.xml:17:1-22:12
MERGED from [androidx.annotation:annotation-experimental:1.4.0] AndroidManifest.xml:2:1-7:12
MERGED from [androidx.multidex:multidex:2.0.0] AndroidManifest.xml:17:1-22:12
MERGED from [com.journeyapps:zxing-android-embedded:3.6.0] AndroidManifest.xml:17:1-56:12
MERGED from [com.jakewharton.threetenabp:threetenabp:1.2.3] AndroidManifest.xml:2:1-9:12
MERGED from [com.google.android.instantapps:instantapps:1.1.0] AndroidManifest.xml:2:1-15:12
	package
		INJECTED from src\main\AndroidManifest.xml
	android:versionName
		INJECTED from src\main\AndroidManifest.xml
	android:versionCode
		INJECTED from src\main\AndroidManifest.xml
	xmlns:android
		ADDED from src\main\AndroidManifest.xml:1:11-69
uses-permission#android.permission.RECEIVE_BOOT_COMPLETED
ADDED from src\main\AndroidManifest.xml:4:5-81
MERGED from [:flutter_background_service_android] AndroidManifest.xml:8:5-81
MERGED from [:flutter_background_service_android] AndroidManifest.xml:8:5-81
MERGED from [:flutter_local_notifications] AndroidManifest.xml:7:5-81
MERGED from [:flutter_local_notifications] AndroidManifest.xml:7:5-81
MERGED from [androidx.work:work-runtime:2.8.1] AndroidManifest.xml:25:5-81
MERGED from [androidx.work:work-runtime:2.8.1] AndroidManifest.xml:25:5-81
	android:name
		ADDED from src\main\AndroidManifest.xml:4:22-78
uses-permission#android.permission.WAKE_LOCK
ADDED from src\main\AndroidManifest.xml:5:5-68
MERGED from [:flutter_background_service_android] AndroidManifest.xml:9:5-68
MERGED from [:flutter_background_service_android] AndroidManifest.xml:9:5-68
MERGED from [androidx.work:work-runtime:2.8.1] AndroidManifest.xml:23:5-68
MERGED from [androidx.work:work-runtime:2.8.1] AndroidManifest.xml:23:5-68
	android:name
		ADDED from src\main\AndroidManifest.xml:5:22-65
uses-permission#android.permission.FOREGROUND_SERVICE
ADDED from src\main\AndroidManifest.xml:6:5-77
MERGED from [:flutter_background_service_android] AndroidManifest.xml:7:5-77
MERGED from [:flutter_background_service_android] AndroidManifest.xml:7:5-77
MERGED from [androidx.work:work-runtime:2.8.1] AndroidManifest.xml:26:5-77
MERGED from [androidx.work:work-runtime:2.8.1] AndroidManifest.xml:26:5-77
	android:name
		ADDED from src\main\AndroidManifest.xml:6:22-74
uses-permission#android.permission.INTERNET
ADDED from src\main\AndroidManifest.xml:7:5-67
MERGED from [com.stripe:financial-connections:20.52.1] AndroidManifest.xml:7:5-67
MERGED from [com.stripe:financial-connections:20.52.1] AndroidManifest.xml:7:5-67
MERGED from [com.google.android.gms:play-services-maps:18.0.2] AndroidManifest.xml:24:5-67
MERGED from [com.google.android.gms:play-services-maps:18.0.2] AndroidManifest.xml:24:5-67
	android:name
		ADDED from src\main\AndroidManifest.xml:7:22-64
uses-permission#android.permission.VIBRATE
ADDED from src\main\AndroidManifest.xml:8:5-66
MERGED from [:flutter_local_notifications] AndroidManifest.xml:8:5-66
MERGED from [:flutter_local_notifications] AndroidManifest.xml:8:5-66
	android:name
		ADDED from src\main\AndroidManifest.xml:8:22-63
uses-permission#android.permission.ACCESS_NETWORK_STATE
ADDED from src\main\AndroidManifest.xml:9:5-79
MERGED from [:network_info_plus] AndroidManifest.xml:7:5-79
MERGED from [:network_info_plus] AndroidManifest.xml:7:5-79
MERGED from [androidx.work:work-runtime:2.8.1] AndroidManifest.xml:24:5-79
MERGED from [androidx.work:work-runtime:2.8.1] AndroidManifest.xml:24:5-79
MERGED from [com.google.android.exoplayer:exoplayer-core:2.18.7] AndroidManifest.xml:24:5-79
MERGED from [com.google.android.exoplayer:exoplayer-core:2.18.7] AndroidManifest.xml:24:5-79
MERGED from [com.stripe:stripe-core:20.52.1] AndroidManifest.xml:7:5-79
MERGED from [com.stripe:stripe-core:20.52.1] AndroidManifest.xml:7:5-79
MERGED from [com.google.android.gms:play-services-maps:18.0.2] AndroidManifest.xml:23:5-79
MERGED from [com.google.android.gms:play-services-maps:18.0.2] AndroidManifest.xml:23:5-79
MERGED from [com.google.android.exoplayer:exoplayer-common:2.18.7] AndroidManifest.xml:24:5-79
MERGED from [com.google.android.exoplayer:exoplayer-common:2.18.7] AndroidManifest.xml:24:5-79
	android:name
		ADDED from src\main\AndroidManifest.xml:9:22-76
uses-permission#android.permission.REQUEST_IGNORE_BATTERY_OPTIMIZATIONS
ADDED from src\main\AndroidManifest.xml:10:5-95
	android:name
		ADDED from src\main\AndroidManifest.xml:10:22-92
uses-permission#android.permission.BLUETOOTH
ADDED from src\main\AndroidManifest.xml:11:5-68
MERGED from [:blue_thermal_printer] AndroidManifest.xml:9:5-68
MERGED from [:blue_thermal_printer] AndroidManifest.xml:9:5-68
	android:name
		ADDED from src\main\AndroidManifest.xml:11:22-65
uses-permission#android.permission.BLUETOOTH_ADMIN
ADDED from src\main\AndroidManifest.xml:12:5-74
MERGED from [:blue_thermal_printer] AndroidManifest.xml:10:5-74
MERGED from [:blue_thermal_printer] AndroidManifest.xml:10:5-74
	android:name
		ADDED from src\main\AndroidManifest.xml:12:22-71
application
ADDED from src\main\AndroidManifest.xml:15:5-50:19
INJECTED from src\main\AndroidManifest.xml:15:5-50:19
MERGED from [:flutter_background_service_android] AndroidManifest.xml:11:5-32:19
MERGED from [:flutter_background_service_android] AndroidManifest.xml:11:5-32:19
MERGED from [:flutter_local_notifications] AndroidManifest.xml:13:5-27:19
MERGED from [:flutter_local_notifications] AndroidManifest.xml:13:5-27:19
MERGED from [com.stripe:financial-connections:20.52.1] AndroidManifest.xml:20:5-75:19
MERGED from [com.stripe:financial-connections:20.52.1] AndroidManifest.xml:20:5-75:19
MERGED from [androidx.work:work-runtime:2.8.1] AndroidManifest.xml:28:5-143:19
MERGED from [androidx.work:work-runtime:2.8.1] AndroidManifest.xml:28:5-143:19
MERGED from [androidx.window:window:1.2.0] AndroidManifest.xml:22:5-29:19
MERGED from [androidx.window:window:1.2.0] AndroidManifest.xml:22:5-29:19
MERGED from [com.stripe:paymentsheet:20.52.1] AndroidManifest.xml:7:5-43:19
MERGED from [com.stripe:paymentsheet:20.52.1] AndroidManifest.xml:7:5-43:19
MERGED from [com.stripe:link:20.52.1] AndroidManifest.xml:7:5-38:19
MERGED from [com.stripe:link:20.52.1] AndroidManifest.xml:7:5-38:19
MERGED from [com.stripe:payments-ui-core:20.52.1] AndroidManifest.xml:7:5-12:19
MERGED from [com.stripe:payments-ui-core:20.52.1] AndroidManifest.xml:7:5-12:19
MERGED from [com.stripe:payments-core:20.52.1] AndroidManifest.xml:14:5-83:19
MERGED from [com.stripe:payments-core:20.52.1] AndroidManifest.xml:14:5-83:19
MERGED from [com.stripe:stripe-3ds2-android:6.1.8] AndroidManifest.xml:7:5-12:19
MERGED from [com.stripe:stripe-3ds2-android:6.1.8] AndroidManifest.xml:7:5-12:19
MERGED from [com.google.android.material:material:1.11.0] AndroidManifest.xml:22:5-20
MERGED from [com.google.android.material:material:1.11.0] AndroidManifest.xml:22:5-20
MERGED from [androidx.constraintlayout:constraintlayout:2.1.4] AndroidManifest.xml:9:5-20
MERGED from [androidx.constraintlayout:constraintlayout:2.1.4] AndroidManifest.xml:9:5-20
MERGED from [com.github.bumptech.glide:glide:4.12.0] AndroidManifest.xml:10:5-20
MERGED from [com.github.bumptech.glide:glide:4.12.0] AndroidManifest.xml:10:5-20
MERGED from [androidx.emoji2:emoji2:1.4.0] AndroidManifest.xml:23:5-33:19
MERGED from [androidx.emoji2:emoji2:1.4.0] AndroidManifest.xml:23:5-33:19
MERGED from [androidx.lifecycle:lifecycle-process:2.7.0] AndroidManifest.xml:23:5-33:19
MERGED from [androidx.lifecycle:lifecycle-process:2.7.0] AndroidManifest.xml:23:5-33:19
MERGED from [com.google.android.gms:play-services-identity:18.0.1] AndroidManifest.xml:22:5-20
MERGED from [com.google.android.gms:play-services-identity:18.0.1] AndroidManifest.xml:22:5-20
MERGED from [com.google.android.gms:play-services-maps:18.0.2] AndroidManifest.xml:36:5-42:19
MERGED from [com.google.android.gms:play-services-maps:18.0.2] AndroidManifest.xml:36:5-42:19
MERGED from [com.google.android.gms:play-services-base:18.3.0] AndroidManifest.xml:19:5-23:19
MERGED from [com.google.android.gms:play-services-base:18.3.0] AndroidManifest.xml:19:5-23:19
MERGED from [com.google.android.gms:play-services-tasks:18.1.0] AndroidManifest.xml:5:5-20
MERGED from [com.google.android.gms:play-services-tasks:18.1.0] AndroidManifest.xml:5:5-20
MERGED from [com.google.android.gms:play-services-basement:18.3.0] AndroidManifest.xml:20:5-24:19
MERGED from [com.google.android.gms:play-services-basement:18.3.0] AndroidManifest.xml:20:5-24:19
MERGED from [androidx.core:core:1.13.1] AndroidManifest.xml:28:5-89
MERGED from [androidx.core:core:1.13.1] AndroidManifest.xml:28:5-89
MERGED from [androidx.profileinstaller:profileinstaller:1.3.1] AndroidManifest.xml:23:5-53:19
MERGED from [androidx.profileinstaller:profileinstaller:1.3.1] AndroidManifest.xml:23:5-53:19
MERGED from [androidx.startup:startup-runtime:1.1.1] AndroidManifest.xml:25:5-31:19
MERGED from [androidx.startup:startup-runtime:1.1.1] AndroidManifest.xml:25:5-31:19
MERGED from [androidx.versionedparcelable:versionedparcelable:1.1.1] AndroidManifest.xml:24:5-25:19
MERGED from [androidx.versionedparcelable:versionedparcelable:1.1.1] AndroidManifest.xml:24:5-25:19
MERGED from [com.github.bumptech.glide:gifdecoder:4.12.0] AndroidManifest.xml:9:5-20
MERGED from [com.github.bumptech.glide:gifdecoder:4.12.0] AndroidManifest.xml:9:5-20
MERGED from [androidx.room:room-runtime:2.5.0] AndroidManifest.xml:23:5-29:19
MERGED from [androidx.room:room-runtime:2.5.0] AndroidManifest.xml:23:5-29:19
MERGED from [com.journeyapps:zxing-android-embedded:3.6.0] AndroidManifest.xml:46:5-54:19
MERGED from [com.journeyapps:zxing-android-embedded:3.6.0] AndroidManifest.xml:46:5-54:19
MERGED from [com.jakewharton.threetenabp:threetenabp:1.2.3] AndroidManifest.xml:7:5-20
MERGED from [com.jakewharton.threetenabp:threetenabp:1.2.3] AndroidManifest.xml:7:5-20
MERGED from [com.google.android.instantapps:instantapps:1.1.0] AndroidManifest.xml:9:5-13:19
MERGED from [com.google.android.instantapps:instantapps:1.1.0] AndroidManifest.xml:9:5-13:19
	android:extractNativeLibs
		INJECTED from src\main\AndroidManifest.xml
	android:appComponentFactory
		ADDED from [androidx.core:core:1.13.1] AndroidManifest.xml:28:18-86
	android:label
		ADDED from src\main\AndroidManifest.xml:16:9-32
	android:icon
		ADDED from src\main\AndroidManifest.xml:17:9-43
	android:theme
		ADDED from src\main\AndroidManifest.xml:18:9-43
	android:usesCleartextTraffic
		ADDED from src\main\AndroidManifest.xml:19:9-44
activity#io.flutter.embedding.android.FlutterFragmentActivity
ADDED from src\main\AndroidManifest.xml:22:9-44:20
	android:launchMode
		ADDED from src\main\AndroidManifest.xml:25:13-43
	android:hardwareAccelerated
		ADDED from src\main\AndroidManifest.xml:28:13-47
	android:windowSoftInputMode
		ADDED from src\main\AndroidManifest.xml:29:13-55
	android:exported
		ADDED from src\main\AndroidManifest.xml:24:13-36
	android:configChanges
		ADDED from src\main\AndroidManifest.xml:27:13-154
	android:theme
		ADDED from src\main\AndroidManifest.xml:26:13-47
	android:name
		ADDED from src\main\AndroidManifest.xml:23:13-80
meta-data#io.flutter.embedding.android.NormalTheme
ADDED from src\main\AndroidManifest.xml:35:13-37:57
	android:resource
		ADDED from src\main\AndroidManifest.xml:37:17-54
	android:name
		ADDED from src\main\AndroidManifest.xml:36:17-72
intent-filter#action:name:android.intent.action.MAIN+category:name:android.intent.category.LAUNCHER
ADDED from src\main\AndroidManifest.xml:40:13-43:29
action#android.intent.action.MAIN
ADDED from src\main\AndroidManifest.xml:41:17-69
	android:name
		ADDED from src\main\AndroidManifest.xml:41:25-66
category#android.intent.category.LAUNCHER
ADDED from src\main\AndroidManifest.xml:42:17-77
	android:name
		ADDED from src\main\AndroidManifest.xml:42:27-74
meta-data#flutterEmbedding
ADDED from src\main\AndroidManifest.xml:47:9-49:33
	android:value
		ADDED from src\main\AndroidManifest.xml:49:13-30
	android:name
		ADDED from src\main\AndroidManifest.xml:48:13-44
queries
ADDED from src\main\AndroidManifest.xml:53:5-61:15
MERGED from [com.stripe:financial-connections:20.52.1] AndroidManifest.xml:10:5-18:15
MERGED from [com.stripe:financial-connections:20.52.1] AndroidManifest.xml:10:5-18:15
MERGED from [androidx.media2:media2-session:1.2.1] AndroidManifest.xml:24:5-34:15
MERGED from [androidx.media2:media2-session:1.2.1] AndroidManifest.xml:24:5-34:15
MERGED from [com.stripe:payments-core:20.52.1] AndroidManifest.xml:8:5-12:15
MERGED from [com.stripe:payments-core:20.52.1] AndroidManifest.xml:8:5-12:15
MERGED from [com.google.android.gms:play-services-maps:18.0.2] AndroidManifest.xml:30:5-34:15
MERGED from [com.google.android.gms:play-services-maps:18.0.2] AndroidManifest.xml:30:5-34:15
MERGED from [androidx.media:media:1.4.1] AndroidManifest.xml:24:5-28:15
MERGED from [androidx.media:media:1.4.1] AndroidManifest.xml:24:5-28:15
intent#action:name:ru.a402d.rawbtprinter.PRINT
ADDED from src\main\AndroidManifest.xml:54:9-56:18
action#ru.a402d.rawbtprinter.PRINT
ADDED from src\main\AndroidManifest.xml:55:13-66
	android:name
		ADDED from src\main\AndroidManifest.xml:55:21-63
intent#action:name:android.intent.action.PROCESS_TEXT+data:mimeType:text/plain
ADDED from src\main\AndroidManifest.xml:57:9-60:18
action#android.intent.action.PROCESS_TEXT
ADDED from src\main\AndroidManifest.xml:58:13-73
	android:name
		ADDED from src\main\AndroidManifest.xml:58:21-70
data
ADDED from src\main\AndroidManifest.xml:59:13-51
	android:mimeType
		ADDED from src\main\AndroidManifest.xml:59:19-48
uses-sdk
INJECTED from src\main\AndroidManifest.xml reason: use-sdk injection requested
INJECTED from src\main\AndroidManifest.xml
INJECTED from src\main\AndroidManifest.xml
MERGED from [:android_intent_plus] AndroidManifest.xml:5:5-44
MERGED from [:android_intent_plus] AndroidManifest.xml:5:5-44
MERGED from [:just_audio] AndroidManifest.xml:5:5-44
MERGED from [:just_audio] AndroidManifest.xml:5:5-44
MERGED from [:audio_session] AndroidManifest.xml:5:5-44
MERGED from [:audio_session] AndroidManifest.xml:5:5-44
MERGED from [:blue_thermal_printer] AndroidManifest.xml:5:5-44
MERGED from [:blue_thermal_printer] AndroidManifest.xml:5:5-44
MERGED from [:charset_converter] AndroidManifest.xml:5:5-44
MERGED from [:charset_converter] AndroidManifest.xml:5:5-44
MERGED from [:flutter_background_service_android] AndroidManifest.xml:5:5-44
MERGED from [:flutter_background_service_android] AndroidManifest.xml:5:5-44
MERGED from [:flutter_local_notifications] AndroidManifest.xml:5:5-44
MERGED from [:flutter_local_notifications] AndroidManifest.xml:5:5-44
MERGED from [:network_info_plus] AndroidManifest.xml:5:5-44
MERGED from [:network_info_plus] AndroidManifest.xml:5:5-44
MERGED from [:path_provider_android] AndroidManifest.xml:5:5-44
MERGED from [:path_provider_android] AndroidManifest.xml:5:5-44
MERGED from [:sqflite_android] AndroidManifest.xml:5:5-44
MERGED from [:sqflite_android] AndroidManifest.xml:5:5-44
MERGED from [:stripe_android] AndroidManifest.xml:5:5-44
MERGED from [:stripe_android] AndroidManifest.xml:5:5-44
MERGED from [:workmanager] AndroidManifest.xml:5:5-44
MERGED from [:workmanager] AndroidManifest.xml:5:5-44
MERGED from [com.stripe:stripe-android:20.52.1] AndroidManifest.xml:5:5-44
MERGED from [com.stripe:stripe-android:20.52.1] AndroidManifest.xml:5:5-44
MERGED from [com.stripe:financial-connections:20.52.1] AndroidManifest.xml:5:5-44
MERGED from [com.stripe:financial-connections:20.52.1] AndroidManifest.xml:5:5-44
MERGED from [androidx.work:work-runtime:2.8.1] AndroidManifest.xml:21:5-44
MERGED from [androidx.work:work-runtime:2.8.1] AndroidManifest.xml:21:5-44
MERGED from [com.google.android.exoplayer:exoplayer-dash:2.18.7] AndroidManifest.xml:20:5-22:41
MERGED from [com.google.android.exoplayer:exoplayer-dash:2.18.7] AndroidManifest.xml:20:5-22:41
MERGED from [com.google.android.exoplayer:exoplayer-hls:2.18.7] AndroidManifest.xml:20:5-22:41
MERGED from [com.google.android.exoplayer:exoplayer-hls:2.18.7] AndroidManifest.xml:20:5-22:41
MERGED from [com.google.android.exoplayer:exoplayer-smoothstreaming:2.18.7] AndroidManifest.xml:20:5-22:41
MERGED from [com.google.android.exoplayer:exoplayer-smoothstreaming:2.18.7] AndroidManifest.xml:20:5-22:41
MERGED from [com.google.android.exoplayer:exoplayer-core:2.18.7] AndroidManifest.xml:20:5-22:41
MERGED from [com.google.android.exoplayer:exoplayer-core:2.18.7] AndroidManifest.xml:20:5-22:41
MERGED from [androidx.media2:media2-session:1.2.1] AndroidManifest.xml:20:5-22:41
MERGED from [androidx.media2:media2-session:1.2.1] AndroidManifest.xml:20:5-22:41
MERGED from [androidx.legacy:legacy-support-v4:1.0.0] AndroidManifest.xml:20:5-44
MERGED from [androidx.legacy:legacy-support-v4:1.0.0] AndroidManifest.xml:20:5-44
MERGED from [androidx.window:window:1.2.0] AndroidManifest.xml:20:5-44
MERGED from [androidx.window:window:1.2.0] AndroidManifest.xml:20:5-44
MERGED from [androidx.window:window-java:1.2.0] AndroidManifest.xml:19:5-44
MERGED from [androidx.window:window-java:1.2.0] AndroidManifest.xml:19:5-44
MERGED from [androidx.media2:media2-common:1.2.1] AndroidManifest.xml:20:5-22:41
MERGED from [androidx.media2:media2-common:1.2.1] AndroidManifest.xml:20:5-22:41
MERGED from [com.stripe:paymentsheet:20.52.1] AndroidManifest.xml:5:5-44
MERGED from [com.stripe:paymentsheet:20.52.1] AndroidManifest.xml:5:5-44
MERGED from [com.stripe:link:20.52.1] AndroidManifest.xml:5:5-44
MERGED from [com.stripe:link:20.52.1] AndroidManifest.xml:5:5-44
MERGED from [com.stripe:payments-ui-core:20.52.1] AndroidManifest.xml:5:5-44
MERGED from [com.stripe:payments-ui-core:20.52.1] AndroidManifest.xml:5:5-44